2025-05-30 11:54:55,631 [INFO] Loaded 5 models from model_paths_C.txt
2025-05-30 11:54:55,631 [INFO] Generating predictions for datasets\C\test.json.gz
2025-05-30 11:55:11,172 [INFO] Model weights for ensemble:
2025-05-30 11:55:11,172 [INFO] Model: model_C_cycle_1_epoch_0_loss_0.575_f1_0.776.pth
2025-05-30 11:55:11,172 [INFO] - Loss: 0.7761
2025-05-30 11:55:11,172 [INFO] - Weight: 0.1961
2025-05-30 11:55:11,173 [INFO] Model: model_C_cycle_2_epoch_57_loss_0.398_f1_0.815.pth
2025-05-30 11:55:11,173 [INFO] - Loss: 0.8152
2025-05-30 11:55:11,173 [INFO] - Weight: 0.2039
2025-05-30 11:55:11,173 [INFO] Model: model_C_cycle_3_epoch_1_loss_0.499_f1_0.785.pth
2025-05-30 11:55:11,173 [INFO] - Loss: 0.7848
2025-05-30 11:55:11,178 [INFO] - Weight: 0.1977
2025-05-30 11:55:11,178 [INFO] Model: model_C_cycle_4_epoch_0_loss_0.478_f1_0.800.pth
2025-05-30 11:55:11,178 [INFO] - Loss: 0.7998
2025-05-30 11:55:11,178 [INFO] - Weight: 0.2007
2025-05-30 11:55:11,178 [INFO] Model: model_C_cycle_5_epoch_1_loss_0.431_f1_0.804.pth
2025-05-30 11:55:11,178 [INFO] - Loss: 0.8041
2025-05-30 11:55:11,178 [INFO] - Weight: 0.2016
2025-05-30 11:55:11,181 [INFO] 
Ensemble prediction statistics:
2025-05-30 11:55:11,181 [INFO] Class 0: 86 samples
2025-05-30 11:55:11,182 [INFO] Class 1: 253 samples
2025-05-30 11:55:11,182 [INFO] Class 2: 864 samples
2025-05-30 11:55:11,182 [INFO] Class 3: 83 samples
2025-05-30 11:55:11,182 [INFO] Class 4: 168 samples
2025-05-30 11:55:11,182 [INFO] Class 5: 76 samples
2025-05-30 11:55:11,182 [INFO] Average confidence: 0.9201
2025-05-30 11:55:11,182 [INFO] Min confidence: 0.3968
2025-05-30 11:55:11,183 [INFO] Max confidence: 1.0000
2025-05-30 11:55:11,191 [INFO] Saved predictions to submission/testset_C.csv
