2025-05-30 11:11:15,357 [INFO] Loaded 5 models from model_paths_A.txt
2025-05-30 11:11:15,357 [INFO] Generating predictions for datasets\A\test.json.gz
2025-05-30 11:11:38,825 [INFO] Model weights for ensemble:
2025-05-30 11:11:38,825 [INFO] Model: model_A_cycle_1_epoch_0_loss_0.985_f1_0.667.pth
2025-05-30 11:11:38,825 [INFO] - Loss: 0.6667
2025-05-30 11:11:38,825 [INFO] - Weight: 0.1932
2025-05-30 11:11:38,826 [INFO] Model: model_A_cycle_2_epoch_1_loss_1.041_f1_0.672.pth
2025-05-30 11:11:38,826 [INFO] - Loss: 0.6720
2025-05-30 11:11:38,826 [INFO] - Weight: 0.1943
2025-05-30 11:11:38,826 [INFO] Model: model_A_cycle_3_epoch_0_loss_0.945_f1_0.692.pth
2025-05-30 11:11:38,826 [INFO] - Loss: 0.6921
2025-05-30 11:11:38,861 [INFO] - Weight: 0.1982
2025-05-30 11:11:38,861 [INFO] Model: model_A_cycle_4_epoch_0_loss_0.727_f1_0.739.pth
2025-05-30 11:11:38,861 [INFO] - Loss: 0.7387
2025-05-30 11:11:38,862 [INFO] - Weight: 0.2077
2025-05-30 11:11:38,862 [INFO] Model: model_A_cycle_5_epoch_0_loss_0.752_f1_0.734.pth
2025-05-30 11:11:38,862 [INFO] - Loss: 0.7339
2025-05-30 11:11:38,862 [INFO] - Weight: 0.2067
2025-05-30 11:11:38,868 [INFO] 
Ensemble prediction statistics:
2025-05-30 11:11:38,868 [INFO] Class 0: 132 samples
2025-05-30 11:11:38,868 [INFO] Class 1: 307 samples
2025-05-30 11:11:38,869 [INFO] Class 2: 1027 samples
2025-05-30 11:11:38,869 [INFO] Class 3: 196 samples
2025-05-30 11:11:38,869 [INFO] Class 4: 637 samples
2025-05-30 11:11:38,869 [INFO] Class 5: 41 samples
2025-05-30 11:11:38,869 [INFO] Average confidence: 0.9150
2025-05-30 11:11:38,870 [INFO] Min confidence: 0.3999
2025-05-30 11:11:38,870 [INFO] Max confidence: 1.0000
2025-05-30 11:11:38,884 [INFO] Saved predictions to submission/testset_A.csv
