2025-05-30 18:05:49,272 [INFO] Loaded 5 models from model_paths_D.txt
2025-05-30 18:05:49,272 [INFO] Generating predictions for datasets\D\test.json.gz
2025-05-30 18:06:13,677 [INFO] Model weights for ensemble:
2025-05-30 18:06:13,677 [INFO] Model: model_D_cycle_1_epoch_0_loss_0.280_f1_0.791.pth
2025-05-30 18:06:13,677 [INFO] - Loss: 0.7906
2025-05-30 18:06:13,677 [INFO] - Weight: 0.2011
2025-05-30 18:06:13,677 [INFO] Model: model_D_cycle_2_epoch_2_loss_0.304_f1_0.771.pth
2025-05-30 18:06:13,678 [INFO] - Loss: 0.7710
2025-05-30 18:06:13,678 [INFO] - Weight: 0.1972
2025-05-30 18:06:13,678 [INFO] Model: model_D_cycle_3_epoch_4_loss_0.295_f1_0.783.pth
2025-05-30 18:06:13,678 [INFO] - Loss: 0.7832
2025-05-30 18:06:13,683 [INFO] - Weight: 0.1996
2025-05-30 18:06:13,684 [INFO] Model: model_D_cycle_4_epoch_28_loss_0.303_f1_0.799.pth
2025-05-30 18:06:13,684 [INFO] - Loss: 0.7989
2025-05-30 18:06:13,684 [INFO] - Weight: 0.2028
2025-05-30 18:06:13,684 [INFO] Model: model_D_cycle_5_epoch_0_loss_0.292_f1_0.782.pth
2025-05-30 18:06:13,684 [INFO] - Loss: 0.7817
2025-05-30 18:06:13,685 [INFO] - Weight: 0.1993
2025-05-30 18:06:13,691 [INFO] 
Ensemble prediction statistics:
2025-05-30 18:06:13,691 [INFO] Class 0: 206 samples
2025-05-30 18:06:13,691 [INFO] Class 1: 95 samples
2025-05-30 18:06:13,692 [INFO] Class 2: 365 samples
2025-05-30 18:06:13,692 [INFO] Class 3: 196 samples
2025-05-30 18:06:13,692 [INFO] Class 4: 1263 samples
2025-05-30 18:06:13,692 [INFO] Class 5: 125 samples
2025-05-30 18:06:13,692 [INFO] Average confidence: 0.9354
2025-05-30 18:06:13,692 [INFO] Min confidence: 0.4004
2025-05-30 18:06:13,693 [INFO] Max confidence: 1.0000
2025-05-30 18:06:13,705 [INFO] Saved predictions to submission/testset_D.csv
